Rendering notebooks in group: estimation...
Cleared rendered output directory: /home/runner/work/rail_notebooks/rail_notebooks/docs/rendered/estimation_examples
RENDERING: 15_LePhare_COSMOS
RENDERING: 14_LePhare_LSST
RENDERING: 08_NZDir_pipeline
[32m    459[39m [38;5;28;01mif[39;00m path [38;5;129;01mnot[39;00m [38;5;129;01min[39;00m [[33m'[39m[33mNone[39m[33m'[39m, [33m'[39m[33mnone[39m[33m'[39m, [38;5;28;01mNone[39;00m]:
[32m    460[39m     [38;5;66;03m# Path exists, use that                [39;00m
[32m    461[39m     [38;5;28;01mif[39;00m [38;5;129;01mnot[39;00m os.path.isfile(path):
[32m--> [39m[32m462[39m         [38;5;28;01mraise[39;00m [38;5;167;01mFileNotFoundError[39;00m([33mf[39m[33m"[39m[33mUnable to find file: [39m[38;5;132;01m{[39;00mpath[38;5;132;01m}[39;00m[33m"[39m)
[32m    463[39m     handle.path = path
[32m    464[39m     [38;5;28;01mif[39;00m do_read:
[32m    465[39m         [38;5;66;03m# Read the data using the handle[39;00m

[31mFileNotFoundError[39m: Unable to find file: NZDir_model.pkl

RENDERING: 02_BPZ_lite
RENDERING: 01_FlexZBoost_PDF_Representation_Comparison
RENDERING: 11_SomocluSOM
[32m    238[39m            radiuscooling, scale0, scaleN, scalecooling,
[32m    239[39m            [38;5;28mself[39m._kernel_type, [38;5;28mself[39m._map_type, [38;5;28mself[39m._grid_type,
[32m    240[39m            [38;5;28mself[39m._compact_support, [38;5;28mself[39m._neighborhood == [33m"[39m[33mgaussian[39m[33m"[39m,
[32m    241[39m            [38;5;28mself[39m._std_coeff, [38;5;28mself[39m._verbose, [38;5;28mself[39m.codebook, [38;5;28mself[39m.bmus,
[32m    242[39m            [38;5;28mself[39m.umatrix, [38;5;28mself[39m._vect_distance)
[32m    243[39m [38;5;28mself[39m.umatrix.shape = ([38;5;28mself[39m._n_rows, [38;5;28mself[39m._n_columns)
[32m    244[39m [38;5;28mself[39m.bmus.shape = ([38;5;28mself[39m.n_vectors, [32m2[39m)

[31mNameError[39m: name 'wrap_train' is not defined

RENDERING: 05_DNF
RENDERING: 06_GPz
RENDERING: 00_Quick_Start_in_Estimation
RENDERING: 13_Sampled_Summarizers
RENDERING: 12_SomocluSOM_Quality_Control
[32m    238[39m            radiuscooling, scale0, scaleN, scalecooling,
[32m    239[39m            [38;5;28mself[39m._kernel_type, [38;5;28mself[39m._map_type, [38;5;28mself[39m._grid_type,
[32m    240[39m            [38;5;28mself[39m._compact_support, [38;5;28mself[39m._neighborhood == [33m"[39m[33mgaussian[39m[33m"[39m,
[32m    241[39m            [38;5;28mself[39m._std_coeff, [38;5;28mself[39m._verbose, [38;5;28mself[39m.codebook, [38;5;28mself[39m.bmus,
[32m    242[39m            [38;5;28mself[39m.umatrix, [38;5;28mself[39m._vect_distance)
[32m    243[39m [38;5;28mself[39m.umatrix.shape = ([38;5;28mself[39m._n_rows, [38;5;28mself[39m._n_columns)
[32m    244[39m [38;5;28mself[39m.bmus.shape = ([38;5;28mself[39m.n_vectors, [32m2[39m)

[31mNameError[39m: name 'wrap_train' is not defined

RENDERING: 10_YAW
RENDERING: 03_BPZ_lite_Custom_SEDs
RENDERING: 09_PZFlow
RENDERING: 16_Running_with_different_data
RENDERING: 07_NZDir
[32m/opt/hostedtoolcache/Python/3.11.14/x64/lib/python3.11/site-packages/pandas/core/generic.py[39m in [36m?[39m[34m(self)[39m
[32m   1511[39m     @final
[32m   1512[39m     [38;5;28;01mdef[39;00m __bool__(self) -> NoReturn:
[32m-> [39m[32m1513[39m         raise ValueError(
[32m   1514[39m             [33mf"The truth value of a {type(self).__name__} is ambiguous. "[39m
[32m   1515[39m             [33m"Use a.empty, a.bool(), a.item(), a.any() or a.all()."[39m
[32m   1516[39m         )

[31mValueError[39m: The truth value of a DataFrame is ambiguous. Use a.empty, a.bool(), a.item(), a.any() or a.all().

RENDERING: 04_CMNN

NOTEBOOK RENDERING STATUS:
R. Code  Notebook
-------  ------------------------------------------------------------
      0  /home/runner/work/rail_notebooks/rail/examples/estimation_examples/15_LePhare_COSMOS.ipynb
      0  /home/runner/work/rail_notebooks/rail/examples/estimation_examples/14_LePhare_LSST.ipynb
      1  /home/runner/work/rail_notebooks/rail/examples/estimation_examples/08_NZDir_pipeline.ipynb
      0  /home/runner/work/rail_notebooks/rail/examples/estimation_examples/02_BPZ_lite.ipynb
      0  /home/runner/work/rail_notebooks/rail/examples/estimation_examples/01_FlexZBoost_PDF_Representation_Comparison.ipynb
      1  /home/runner/work/rail_notebooks/rail/examples/estimation_examples/11_SomocluSOM.ipynb
      0  /home/runner/work/rail_notebooks/rail/examples/estimation_examples/05_DNF.ipynb
      0  /home/runner/work/rail_notebooks/rail/examples/estimation_examples/06_GPz.ipynb
      0  /home/runner/work/rail_notebooks/rail/examples/estimation_examples/00_Quick_Start_in_Estimation.ipynb
      0  /home/runner/work/rail_notebooks/rail/examples/estimation_examples/13_Sampled_Summarizers.ipynb
      1  /home/runner/work/rail_notebooks/rail/examples/estimation_examples/12_SomocluSOM_Quality_Control.ipynb
      0  /home/runner/work/rail_notebooks/rail/examples/estimation_examples/10_YAW.ipynb
      0  /home/runner/work/rail_notebooks/rail/examples/estimation_examples/03_BPZ_lite_Custom_SEDs.ipynb
      0  /home/runner/work/rail_notebooks/rail/examples/estimation_examples/09_PZFlow.ipynb
      0  /home/runner/work/rail_notebooks/rail/examples/estimation_examples/16_Running_with_different_data.ipynb
      1  /home/runner/work/rail_notebooks/rail/examples/estimation_examples/07_NZDir.ipynb
      0  /home/runner/work/rail_notebooks/rail/examples/estimation_examples/04_CMNN.ipynb

4 FAILED NOTEBOOK(S):
1. /home/runner/work/rail_notebooks/rail/examples/estimation_examples/08_NZDir_pipeline.ipynb
2. /home/runner/work/rail_notebooks/rail/examples/estimation_examples/11_SomocluSOM.ipynb
3. /home/runner/work/rail_notebooks/rail/examples/estimation_examples/12_SomocluSOM_Quality_Control.ipynb
4. /home/runner/work/rail_notebooks/rail/examples/estimation_examples/07_NZDir.ipynb

Traceback (most recent call last):
  File "/home/runner/work/rail_notebooks/rail_notebooks/src/rail_notebooks/render_notebooks.py", line 263, in <module>
    run_render_notebook_group()
  File "/home/runner/work/rail_notebooks/rail_notebooks/src/rail_notebooks/render_notebooks.py", line 259, in run_render_notebook_group
    _report_render_status(status, verbose)
  File "/home/runner/work/rail_notebooks/rail_notebooks/src/rail_notebooks/render_notebooks.py", line 216, in _report_render_status
    raise ValueError(
ValueError: 4 out of 17 notebooks failed to render.
